{"/Users/dhanikprakash/Documents/Dhanik/Study/jest-javascript/capatilizeLetters.js": {"path":"/Users/dhanikprakash/Documents/Dhanik/Study/jest-javascript/capatilizeLetters.js","statementMap":{"0":{"start":{"line":2,"column":4},"end":{"line":6,"column":23}},"1":{"start":{"line":5,"column":29},"end":{"line":5,"column":69}},"2":{"start":{"line":9,"column":0},"end":{"line":9,"column":35}}},"fnMap":{"0":{"name":"capatilizeLetters","decl":{"start":{"line":1,"column":9},"end":{"line":1,"column":26}},"loc":{"start":{"line":1,"column":31},"end":{"line":7,"column":1}},"line":1},"1":{"name":"(anonymous_1)","decl":{"start":{"line":5,"column":18},"end":{"line":5,"column":19}},"loc":{"start":{"line":5,"column":29},"end":{"line":5,"column":69}},"line":5}},"branchMap":{},"s":{"0":1,"1":2,"2":1},"f":{"0":1,"1":2},"b":{},"_coverageSchema":"1a1c01bbd47fc00a2c39e90264f33305004495a9","hash":"6c7ff6eeaab52f1e96c21df21890c6fd3c09f927"}
,"/Users/dhanikprakash/Documents/Dhanik/Study/jest-javascript/chunkArray.js": {"path":"/Users/dhanikprakash/Documents/Dhanik/Study/jest-javascript/chunkArray.js","statementMap":{"0":{"start":{"line":2,"column":19},"end":{"line":2,"column":21}},"1":{"start":{"line":3,"column":14},"end":{"line":3,"column":16}},"2":{"start":{"line":5,"column":2},"end":{"line":12,"column":3}},"3":{"start":{"line":6,"column":4},"end":{"line":6,"column":21}},"4":{"start":{"line":8,"column":4},"end":{"line":11,"column":5}},"5":{"start":{"line":9,"column":6},"end":{"line":9,"column":29}},"6":{"start":{"line":10,"column":6},"end":{"line":10,"column":17}},"7":{"start":{"line":13,"column":2},"end":{"line":15,"column":3}},"8":{"start":{"line":14,"column":4},"end":{"line":14,"column":27}},"9":{"start":{"line":16,"column":2},"end":{"line":16,"column":20}},"10":{"start":{"line":18,"column":0},"end":{"line":18,"column":28}}},"fnMap":{"0":{"name":"chunkArray","decl":{"start":{"line":1,"column":9},"end":{"line":1,"column":19}},"loc":{"start":{"line":1,"column":28},"end":{"line":17,"column":1}},"line":1}},"branchMap":{"0":{"loc":{"start":{"line":8,"column":4},"end":{"line":11,"column":5}},"type":"if","locations":[{"start":{"line":8,"column":4},"end":{"line":11,"column":5}},{"start":{"line":8,"column":4},"end":{"line":11,"column":5}}],"line":8},"1":{"loc":{"start":{"line":13,"column":2},"end":{"line":15,"column":3}},"type":"if","locations":[{"start":{"line":13,"column":2},"end":{"line":15,"column":3}},{"start":{"line":13,"column":2},"end":{"line":15,"column":3}}],"line":13}},"s":{"0":1,"1":1,"2":1,"3":5,"4":5,"5":2,"6":2,"7":1,"8":1,"9":1,"10":1},"f":{"0":1},"b":{"0":[2,3],"1":[1,0]},"_coverageSchema":"1a1c01bbd47fc00a2c39e90264f33305004495a9","hash":"c3278b18a1d920ee4226e5bca9144a3d79f8c5a3"}
,"/Users/dhanikprakash/Documents/Dhanik/Study/jest-javascript/cloneArray.js": {"path":"/Users/dhanikprakash/Documents/Dhanik/Study/jest-javascript/cloneArray.js","statementMap":{"0":{"start":{"line":2,"column":2},"end":{"line":2,"column":20}},"1":{"start":{"line":4,"column":0},"end":{"line":4,"column":28}}},"fnMap":{"0":{"name":"cloneArray","decl":{"start":{"line":1,"column":9},"end":{"line":1,"column":19}},"loc":{"start":{"line":1,"column":27},"end":{"line":3,"column":1}},"line":1}},"branchMap":{},"s":{"0":2,"1":1},"f":{"0":2},"b":{},"_coverageSchema":"1a1c01bbd47fc00a2c39e90264f33305004495a9","hash":"35b16f9bccbb5f4c4183575aa69b35cee860315f"}
,"/Users/dhanikprakash/Documents/Dhanik/Study/jest-javascript/fizzBuzz.js": {"path":"/Users/dhanikprakash/Documents/Dhanik/Study/jest-javascript/fizzBuzz.js","statementMap":{"0":{"start":{"line":2,"column":15},"end":{"line":2,"column":17}},"1":{"start":{"line":3,"column":1},"end":{"line":16,"column":3}},"2":{"start":{"line":3,"column":11},"end":{"line":3,"column":12}},"3":{"start":{"line":5,"column":6},"end":{"line":14,"column":7}},"4":{"start":{"line":6,"column":10},"end":{"line":6,"column":35}},"5":{"start":{"line":8,"column":10},"end":{"line":14,"column":7}},"6":{"start":{"line":9,"column":9},"end":{"line":9,"column":30}},"7":{"start":{"line":11,"column":11},"end":{"line":14,"column":7}},"8":{"start":{"line":13,"column":10},"end":{"line":13,"column":30}},"9":{"start":{"line":18,"column":2},"end":{"line":18,"column":14}},"10":{"start":{"line":21,"column":0},"end":{"line":21,"column":26}}},"fnMap":{"0":{"name":"fizzBuzz","decl":{"start":{"line":1,"column":9},"end":{"line":1,"column":17}},"loc":{"start":{"line":1,"column":20},"end":{"line":19,"column":1}},"line":1}},"branchMap":{"0":{"loc":{"start":{"line":5,"column":6},"end":{"line":14,"column":7}},"type":"if","locations":[{"start":{"line":5,"column":6},"end":{"line":14,"column":7}},{"start":{"line":5,"column":6},"end":{"line":14,"column":7}}],"line":5},"1":{"loc":{"start":{"line":5,"column":9},"end":{"line":5,"column":34}},"type":"binary-expr","locations":[{"start":{"line":5,"column":9},"end":{"line":5,"column":19}},{"start":{"line":5,"column":23},"end":{"line":5,"column":34}}],"line":5},"2":{"loc":{"start":{"line":8,"column":10},"end":{"line":14,"column":7}},"type":"if","locations":[{"start":{"line":8,"column":10},"end":{"line":14,"column":7}},{"start":{"line":8,"column":10},"end":{"line":14,"column":7}}],"line":8},"3":{"loc":{"start":{"line":11,"column":11},"end":{"line":14,"column":7}},"type":"if","locations":[{"start":{"line":11,"column":11},"end":{"line":14,"column":7}},{"start":{"line":11,"column":11},"end":{"line":14,"column":7}}],"line":11}},"s":{"0":1,"1":1,"2":1,"3":10,"4":0,"5":10,"6":3,"7":7,"8":2,"9":1,"10":1},"f":{"0":1},"b":{"0":[0,10],"1":[10,3],"2":[3,7],"3":[2,5]},"_coverageSchema":"1a1c01bbd47fc00a2c39e90264f33305004495a9","hash":"250058ccbe55c94899ad7882faae7c609ba0d32c"}
,"/Users/dhanikprakash/Documents/Dhanik/Study/jest-javascript/maxCharacter.js": {"path":"/Users/dhanikprakash/Documents/Dhanik/Study/jest-javascript/maxCharacter.js","statementMap":{"0":{"start":{"line":2,"column":20},"end":{"line":2,"column":22}},"1":{"start":{"line":3,"column":17},"end":{"line":3,"column":18}},"2":{"start":{"line":4,"column":18},"end":{"line":4,"column":20}},"3":{"start":{"line":6,"column":4},"end":{"line":8,"column":8}},"4":{"start":{"line":7,"column":8},"end":{"line":7,"column":68}},"5":{"start":{"line":10,"column":4},"end":{"line":15,"column":5}},"6":{"start":{"line":11,"column":8},"end":{"line":14,"column":9}},"7":{"start":{"line":12,"column":12},"end":{"line":12,"column":34}},"8":{"start":{"line":13,"column":13},"end":{"line":13,"column":28}},"9":{"start":{"line":17,"column":4},"end":{"line":17,"column":18}},"10":{"start":{"line":20,"column":0},"end":{"line":20,"column":30}}},"fnMap":{"0":{"name":"maxCharactor","decl":{"start":{"line":1,"column":9},"end":{"line":1,"column":21}},"loc":{"start":{"line":1,"column":26},"end":{"line":18,"column":1}},"line":1},"1":{"name":"(anonymous_1)","decl":{"start":{"line":6,"column":23},"end":{"line":6,"column":24}},"loc":{"start":{"line":6,"column":35},"end":{"line":8,"column":5}},"line":6}},"branchMap":{"0":{"loc":{"start":{"line":7,"column":26},"end":{"line":7,"column":67}},"type":"cond-expr","locations":[{"start":{"line":7,"column":44},"end":{"line":7,"column":63}},{"start":{"line":7,"column":66},"end":{"line":7,"column":67}}],"line":7},"1":{"loc":{"start":{"line":11,"column":8},"end":{"line":14,"column":9}},"type":"if","locations":[{"start":{"line":11,"column":8},"end":{"line":14,"column":9}},{"start":{"line":11,"column":8},"end":{"line":14,"column":9}}],"line":11}},"s":{"0":2,"1":2,"2":2,"3":2,"4":24,"5":2,"6":18,"7":5,"8":5,"9":2,"10":1},"f":{"0":2,"1":24},"b":{"0":[6,18],"1":[5,13]},"_coverageSchema":"1a1c01bbd47fc00a2c39e90264f33305004495a9","hash":"cfcf20ed3221d8bda5b1352248ee74e58fbf86d5"}
,"/Users/dhanikprakash/Documents/Dhanik/Study/jest-javascript/reverse.js": {"path":"/Users/dhanikprakash/Documents/Dhanik/Study/jest-javascript/reverse.js","statementMap":{"0":{"start":{"line":3,"column":20},"end":{"line":3,"column":63}},"1":{"start":{"line":4,"column":2},"end":{"line":4,"column":46}},"2":{"start":{"line":8,"column":1},"end":{"line":8,"column":53}},"3":{"start":{"line":11,"column":0},"end":{"line":11,"column":45}}},"fnMap":{"0":{"name":"reverseInt","decl":{"start":{"line":2,"column":9},"end":{"line":2,"column":19}},"loc":{"start":{"line":2,"column":25},"end":{"line":5,"column":1}},"line":2},"1":{"name":"reverseString","decl":{"start":{"line":7,"column":9},"end":{"line":7,"column":22}},"loc":{"start":{"line":7,"column":28},"end":{"line":9,"column":2}},"line":7}},"branchMap":{},"s":{"0":2,"1":2,"2":1,"3":1},"f":{"0":2,"1":1},"b":{},"_coverageSchema":"1a1c01bbd47fc00a2c39e90264f33305004495a9","hash":"34c54f80c1a600bf3afcd6163eb74085563d33f7"}
,"/Users/dhanikprakash/Documents/Dhanik/Study/jest-javascript/sortArray.js": {"path":"/Users/dhanikprakash/Documents/Dhanik/Study/jest-javascript/sortArray.js","statementMap":{"0":{"start":{"line":4,"column":21},"end":{"line":4,"column":25}},"1":{"start":{"line":6,"column":2},"end":{"line":21,"column":3}},"2":{"start":{"line":7,"column":7},"end":{"line":8,"column":19}},"3":{"start":{"line":10,"column":7},"end":{"line":12,"column":9}},"4":{"start":{"line":10,"column":35},"end":{"line":10,"column":43}},"5":{"start":{"line":11,"column":10},"end":{"line":11,"column":37}},"6":{"start":{"line":14,"column":8},"end":{"line":16,"column":19}},"7":{"start":{"line":15,"column":24},"end":{"line":15,"column":29}},"8":{"start":{"line":20,"column":4},"end":{"line":20,"column":40}},"9":{"start":{"line":23,"column":2},"end":{"line":23,"column":22}},"10":{"start":{"line":26,"column":0},"end":{"line":26,"column":27}}},"fnMap":{"0":{"name":"sortArray","decl":{"start":{"line":3,"column":9},"end":{"line":3,"column":18}},"loc":{"start":{"line":3,"column":34},"end":{"line":24,"column":1}},"line":3},"1":{"name":"(anonymous_1)","decl":{"start":{"line":10,"column":30},"end":{"line":10,"column":31}},"loc":{"start":{"line":10,"column":35},"end":{"line":10,"column":43}},"line":10},"2":{"name":"(anonymous_2)","decl":{"start":{"line":15,"column":14},"end":{"line":15,"column":15}},"loc":{"start":{"line":15,"column":24},"end":{"line":15,"column":29}},"line":15}},"branchMap":{"0":{"loc":{"start":{"line":10,"column":7},"end":{"line":12,"column":9}},"type":"if","locations":[{"start":{"line":10,"column":7},"end":{"line":12,"column":9}},{"start":{"line":10,"column":7},"end":{"line":12,"column":9}}],"line":10}},"s":{"0":4,"1":4,"2":4,"3":4,"4":16,"5":1,"6":3,"7":14,"8":1,"9":4,"10":1},"f":{"0":4,"1":16,"2":14},"b":{"0":[1,3]},"_coverageSchema":"1a1c01bbd47fc00a2c39e90264f33305004495a9","hash":"6a519d259e922eecf41d435fd717cc4e0aac6456"}
}
