TN:
SF:capatilizeLetters.js
FN:1,capatilizeLetters
FN:5,(anonymous_1)
FNF:2
FNH:2
FNDA:1,capatilizeLetters
FNDA:2,(anonymous_1)
DA:2,1
DA:5,2
DA:9,1
LF:3
LH:3
BRF:0
BRH:0
end_of_record
TN:
SF:chunkArray.js
FN:1,chunkArray
FNF:1
FNH:1
FNDA:1,chunkArray
DA:2,1
DA:3,1
DA:5,1
DA:6,5
DA:8,5
DA:9,2
DA:10,2
DA:13,1
DA:14,1
DA:16,1
DA:18,1
LF:11
LH:11
BRDA:8,0,0,2
BRDA:8,0,1,3
BRDA:13,1,0,1
BRDA:13,1,1,0
BRF:4
BRH:3
end_of_record
TN:
SF:cloneArray.js
FN:1,cloneArray
FNF:1
FNH:1
FNDA:2,cloneArray
DA:2,2
DA:4,1
LF:2
LH:2
BRF:0
BRH:0
end_of_record
TN:
SF:fizzBuzz.js
FN:1,fizzBuzz
FNF:1
FNH:1
FNDA:1,fizzBuzz
DA:2,1
DA:3,1
DA:5,10
DA:6,0
DA:8,10
DA:9,3
DA:11,7
DA:13,2
DA:18,1
DA:21,1
LF:10
LH:9
BRDA:5,0,0,0
BRDA:5,0,1,10
BRDA:5,1,0,10
BRDA:5,1,1,3
BRDA:8,2,0,3
BRDA:8,2,1,7
BRDA:11,3,0,2
BRDA:11,3,1,5
BRF:8
BRH:7
end_of_record
TN:
SF:maxCharacter.js
FN:1,maxCharactor
FN:6,(anonymous_1)
FNF:2
FNH:2
FNDA:2,maxCharactor
FNDA:24,(anonymous_1)
DA:2,2
DA:3,2
DA:4,2
DA:6,2
DA:7,24
DA:10,2
DA:11,18
DA:12,5
DA:13,5
DA:17,2
DA:20,1
LF:11
LH:11
BRDA:7,0,0,6
BRDA:7,0,1,18
BRDA:11,1,0,5
BRDA:11,1,1,13
BRF:4
BRH:4
end_of_record
TN:
SF:reverse.js
FN:2,reverseInt
FN:7,reverseString
FNF:2
FNH:2
FNDA:2,reverseInt
FNDA:1,reverseString
DA:3,2
DA:4,2
DA:8,1
DA:11,1
LF:4
LH:4
BRF:0
BRH:0
end_of_record
TN:
SF:subtract.js
FN:1,subtract
FNF:1
FNH:1
FNDA:1,subtract
DA:2,1
DA:4,1
LF:2
LH:2
BRF:0
BRH:0
end_of_record
TN:
SF:sum.js
FN:1,sum
FNF:1
FNH:1
FNDA:1,sum
DA:2,1
DA:4,1
LF:2
LH:2
BRF:0
BRH:0
end_of_record
